<?xml version="1.0" encoding="UTF-8"?>
<!-- Generated by org.testng.reporters.JUnitXMLReporter -->
<testsuite hostname="subbu" name="FirefoxTest" tests="15" failures="0" timestamp="17 Jan 2015 14:47:33 GMT" time="692.978" errors="0">
  <testcase name="OpenHomePage" time="143.049" classname="HomePageChecker.HomePage"/>
  <testcase name="VerifySchoolOfDragonBrandSelector" time="0.095" classname="HomePageChecker.HomePage"/>
  <testcase name="ClickOnSchoolOfDragonBrand" time="236.949" classname="HomePageChecker.SchoolOfDragonsPage"/>
  <testcase name="ClickOnLoginButton" time="138.495" classname="HomePageChecker.SchoolOfDragonsLoginPage"/>
  <testcase name="ClickOnSignUpButton" time="12.398" classname="HomePageChecker.SchoolOfDragonsSignUpPage"/>
  <testcase name="VerifySignUpPage" time="3.212" classname="HomePageChecker.SchoolOfDragonsSignUpPage"/>
  <testcase name="PerformSignUpJourneyAgeSelection" time="14.089" classname="HomePageChecker.SchoolOfDragonsSignUpPage"/>
  <testcase name="PerformSignUpJourneyAfterAgeSelection" time="17.622" classname="HomePageChecker.SchoolOfDragonsSignUpPage"/>
  <testcase name="ValidateSignUpPageFields" time="7.934" classname="HomePageChecker.SchoolOfDragonsSignUpPage"/>
  <testcase name="ValidateSignUpPageFields2" time="7.027" classname="HomePageChecker.SchoolOfDragonsSignUpPage"/>
  <testcase name="CreateNewUserID" time="63.891" classname="HomePageChecker.SchoolOfDragonsSignUpPage"/>
  <testcase name="VerifySignedInAfterCreation" time="12.981" classname="HomePageChecker.SchoolOfDragonsSignUpPage"/>
  <testcase name="VerifySignedOut" time="3.608" classname="HomePageChecker.SchoolOfDragonsSignUpPage"/>
  <testcase name="VerifySignedInAfterSignedOut" time="14.923" classname="HomePageChecker.SchoolOfDragonsSignUpPage"/>
  <testcase name="VerifyUnityPlayerDisplayedAfterOK" time="5.609" classname="HomePageChecker.SchoolOfDragonsSignUpPage"/>
</testsuite> <!-- FirefoxTest -->
